<?xml version="1.0" encoding="UTF-8"?>
<testng-results ignored="0" total="2" passed="2" failed="0" skipped="0">
  <reporter-output>
  </reporter-output>
  <suite started-at="2022-08-05T00:38:19 IST" name="Suite" finished-at="2022-08-05T00:38:54 IST" duration-ms="35530">
    <groups>
    </groups>
    <test started-at="2022-08-05T00:38:19 IST" name="Test" finished-at="2022-08-05T00:38:54 IST" duration-ms="35530">
      <class name="check.fruits">
        <test-method signature="fruits()[pri:0, instance:check.fruits@272113c4]" started-at="2022-08-05T00:38:19 IST" name="fruits" finished-at="2022-08-05T00:38:26 IST" duration-ms="7831" status="PASS">
          <reporter-output>
          </reporter-output>
        </test-method> <!-- fruits -->
      </class> <!-- check.fruits -->
      <class name="check.Login">
        <test-method signature="newone()[pri:0, instance:check.Login@6fdbe764]" started-at="2022-08-05T00:38:26 IST" name="newone" finished-at="2022-08-05T00:38:54 IST" duration-ms="27620" status="PASS">
          <reporter-output>
          </reporter-output>
        </test-method> <!-- newone -->
      </class> <!-- check.Login -->
    </test> <!-- Test -->
  </suite> <!-- Suite -->
</testng-results>
